<html>
<head>
<title>TestNG:  Surefire test</title>
<link href="../testng.css" rel="stylesheet" type="text/css" />
<link href="../my-testng.css" rel="stylesheet" type="text/css" />

<style type="text/css">
.log { display: none;} 
.stack-trace { display: none;} 
</style>
<script type="text/javascript">
<!--
function flip(e) {
  current = e.style.display;
  if (current == 'block') {
    e.style.display = 'none';
    return 0;
  }
  else {
    e.style.display = 'block';
    return 1;
  }
}

function toggleBox(szDivId, elem, msg1, msg2)
{
  var res = -1;  if (document.getElementById) {
    res = flip(document.getElementById(szDivId));
  }
  else if (document.all) {
    // this is the way old msie versions work
    res = flip(document.all[szDivId]);
  }
  if(elem) {
    if(res == 0) elem.innerHTML = msg1; else elem.innerHTML = msg2;
  }

}

function toggleAllBoxes() {
  if (document.getElementsByTagName) {
    d = document.getElementsByTagName('div');
    for (i = 0; i < d.length; i++) {
      if (d[i].className == 'log') {
        flip(d[i]);
      }
    }
  }
}

// -->
</script>

</head>
<body>
<h2 align='center'>Surefire test</h2><table border='1' align="center">
<tr>
<td>Tests passed/Failed/Skipped:</td><td>16/0/0</td>
</tr><tr>
<td>Started on:</td><td>Thu Jan 17 19:32:37 IST 2019</td>
</tr>
<tr><td>Total time:</td><td>0 seconds (252 ms)</td>
</tr><tr>
<td>Included groups:</td><td></td>
</tr><tr>
<td>Excluded groups:</td><td></td>
</tr>
</table><p/>
<small><i>(Hover the method name to see the test class name)</i></small><p/>
<table width='100%' border='1' class='invocation-passed'>
<tr><td colspan='4' align='center'><b>PASSED TESTS</b></td></tr>
<tr><td><b>Test method</b></td>
<td width="30%"><b>Exception</b></td>
<td width="10%"><b>Time (seconds)</b></td>
<td><b>Instance</b></td>
</tr>
<tr>
<td title='com.nuance.him.service.CustomerServiceImplTest.testAddCustomer()'><b>testAddCustomer</b><br>Test class: com.nuance.him.service.CustomerServiceImplTest</td>
<td></td>
<td>0</td>
<td>com.nuance.him.service.CustomerServiceImplTest@458ad742</td></tr>
<tr>
<td title='com.nuance.him.service.CustomerServiceImplTest.testAddCustomerException()'><b>testAddCustomerException</b><br>Test class: com.nuance.him.service.CustomerServiceImplTest</td>
<td><div><pre>com.nuance.him.service.serviceexception.CustomerServiceException: 
	at com.nuance.him.service.customer.CustomerServiceImpl.addCustomer(CustomerServiceImpl.java:35)
	at com.nuance.him.service.CustomerServiceImplTest.testAddCustomerException(CustomerServiceImplTest.java:72)
Caused by: com.nuance.him.dao.daoexception.CustomerDaoException: 
... Removed 31 stack frames</pre></div><a href='#' onClick='toggleBox("stack-trace1572098393", this, "Click to show all stack frames", "Click to hide stack frames")'>Click to show all stack frames</a>
<div class='stack-trace' id='stack-trace1572098393'><pre>com.nuance.him.service.serviceexception.CustomerServiceException: 
	at com.nuance.him.service.customer.CustomerServiceImpl.addCustomer(CustomerServiceImpl.java:35)
	at com.nuance.him.service.CustomerServiceImplTest.testAddCustomerException(CustomerServiceImplTest.java:72)
	at sun.reflect.NativeMethodAccessorImpl.invoke0(Native Method)
	at sun.reflect.NativeMethodAccessorImpl.invoke(NativeMethodAccessorImpl.java:62)
	at sun.reflect.DelegatingMethodAccessorImpl.invoke(DelegatingMethodAccessorImpl.java:43)
	at java.lang.reflect.Method.invoke(Method.java:498)
	at org.testng.internal.MethodInvocationHelper.invokeMethod(MethodInvocationHelper.java:131)
	at org.testng.internal.TestInvoker.invokeMethod(TestInvoker.java:570)
	at org.testng.internal.TestInvoker.invokeTestMethod(TestInvoker.java:170)
	at org.testng.internal.MethodRunner.runInSequence(MethodRunner.java:46)
	at org.testng.internal.TestInvoker$MethodInvocationAgent.invoke(TestInvoker.java:790)
	at org.testng.internal.TestInvoker.invokeTestMethods(TestInvoker.java:143)
	at org.testng.internal.TestMethodWorker.invokeTestMethods(TestMethodWorker.java:146)
	at org.testng.internal.TestMethodWorker.run(TestMethodWorker.java:128)
	at org.testng.TestRunner.privateRun(TestRunner.java:763)
	at org.testng.TestRunner.run(TestRunner.java:594)
	at org.testng.SuiteRunner.runTest(SuiteRunner.java:398)
	at org.testng.SuiteRunner.runSequentially(SuiteRunner.java:392)
	at org.testng.SuiteRunner.privateRun(SuiteRunner.java:355)
	at org.testng.SuiteRunner.run(SuiteRunner.java:304)
	at org.testng.SuiteRunnerWorker.runSuite(SuiteRunnerWorker.java:53)
	at org.testng.SuiteRunnerWorker.run(SuiteRunnerWorker.java:96)
	at org.testng.TestNG.runSuitesSequentially(TestNG.java:1146)
	at org.testng.TestNG.runSuitesLocally(TestNG.java:1067)
	at org.testng.TestNG.runSuites(TestNG.java:997)
	at org.testng.TestNG.run(TestNG.java:965)
	at org.apache.maven.surefire.testng.TestNGExecutor.run(TestNGExecutor.java:115)
	at org.apache.maven.surefire.testng.TestNGDirectoryTestSuite.executeMulti(TestNGDirectoryTestSuite.java:205)
	at org.apache.maven.surefire.testng.TestNGDirectoryTestSuite.execute(TestNGDirectoryTestSuite.java:108)
	at org.apache.maven.surefire.testng.TestNGProvider.invoke(TestNGProvider.java:111)
	at org.apache.maven.surefire.booter.ForkedBooter.invokeProviderInSameClassLoader(ForkedBooter.java:203)
	at org.apache.maven.surefire.booter.ForkedBooter.runSuitesInProcess(ForkedBooter.java:155)
	at org.apache.maven.surefire.booter.ForkedBooter.main(ForkedBooter.java:103)
Caused by: com.nuance.him.dao.daoexception.CustomerDaoException: 
</pre></div></td>
<td>0</td>
<td>com.nuance.him.service.CustomerServiceImplTest@458ad742</td></tr>
<tr>
<td title='com.nuance.him.service.AccountServiceImplTest.testDepositException()'><b>testDepositException</b><br>Test class: com.nuance.him.service.AccountServiceImplTest</td>
<td><div><pre>com.nuance.him.service.serviceexception.AccountServiceException: 
	at com.nuance.him.service.account.AccountServiceImpl.depositeAmount(AccountServiceImpl.java:45)
	at com.nuance.him.service.AccountServiceImplTest.testDepositException(AccountServiceImplTest.java:135)
Caused by: com.nuance.him.dao.daoexception.AccountDaoException: 
... Removed 31 stack frames</pre></div><a href='#' onClick='toggleBox("stack-trace398690014", this, "Click to show all stack frames", "Click to hide stack frames")'>Click to show all stack frames</a>
<div class='stack-trace' id='stack-trace398690014'><pre>com.nuance.him.service.serviceexception.AccountServiceException: 
	at com.nuance.him.service.account.AccountServiceImpl.depositeAmount(AccountServiceImpl.java:45)
	at com.nuance.him.service.AccountServiceImplTest.testDepositException(AccountServiceImplTest.java:135)
	at sun.reflect.NativeMethodAccessorImpl.invoke0(Native Method)
	at sun.reflect.NativeMethodAccessorImpl.invoke(NativeMethodAccessorImpl.java:62)
	at sun.reflect.DelegatingMethodAccessorImpl.invoke(DelegatingMethodAccessorImpl.java:43)
	at java.lang.reflect.Method.invoke(Method.java:498)
	at org.testng.internal.MethodInvocationHelper.invokeMethod(MethodInvocationHelper.java:131)
	at org.testng.internal.TestInvoker.invokeMethod(TestInvoker.java:570)
	at org.testng.internal.TestInvoker.invokeTestMethod(TestInvoker.java:170)
	at org.testng.internal.MethodRunner.runInSequence(MethodRunner.java:46)
	at org.testng.internal.TestInvoker$MethodInvocationAgent.invoke(TestInvoker.java:790)
	at org.testng.internal.TestInvoker.invokeTestMethods(TestInvoker.java:143)
	at org.testng.internal.TestMethodWorker.invokeTestMethods(TestMethodWorker.java:146)
	at org.testng.internal.TestMethodWorker.run(TestMethodWorker.java:128)
	at org.testng.TestRunner.privateRun(TestRunner.java:763)
	at org.testng.TestRunner.run(TestRunner.java:594)
	at org.testng.SuiteRunner.runTest(SuiteRunner.java:398)
	at org.testng.SuiteRunner.runSequentially(SuiteRunner.java:392)
	at org.testng.SuiteRunner.privateRun(SuiteRunner.java:355)
	at org.testng.SuiteRunner.run(SuiteRunner.java:304)
	at org.testng.SuiteRunnerWorker.runSuite(SuiteRunnerWorker.java:53)
	at org.testng.SuiteRunnerWorker.run(SuiteRunnerWorker.java:96)
	at org.testng.TestNG.runSuitesSequentially(TestNG.java:1146)
	at org.testng.TestNG.runSuitesLocally(TestNG.java:1067)
	at org.testng.TestNG.runSuites(TestNG.java:997)
	at org.testng.TestNG.run(TestNG.java:965)
	at org.apache.maven.surefire.testng.TestNGExecutor.run(TestNGExecutor.java:115)
	at org.apache.maven.surefire.testng.TestNGDirectoryTestSuite.executeMulti(TestNGDirectoryTestSuite.java:205)
	at org.apache.maven.surefire.testng.TestNGDirectoryTestSuite.execute(TestNGDirectoryTestSuite.java:108)
	at org.apache.maven.surefire.testng.TestNGProvider.invoke(TestNGProvider.java:111)
	at org.apache.maven.surefire.booter.ForkedBooter.invokeProviderInSameClassLoader(ForkedBooter.java:203)
	at org.apache.maven.surefire.booter.ForkedBooter.runSuitesInProcess(ForkedBooter.java:155)
	at org.apache.maven.surefire.booter.ForkedBooter.main(ForkedBooter.java:103)
Caused by: com.nuance.him.dao.daoexception.AccountDaoException: 
</pre></div></td>
<td>0</td>
<td>com.nuance.him.service.AccountServiceImplTest@2344fc66</td></tr>
<tr>
<td title='com.nuance.him.service.AccountServiceImplTest.testDeposite()'><b>testDeposite</b><br>Test class: com.nuance.him.service.AccountServiceImplTest</td>
<td></td>
<td>0</td>
<td>com.nuance.him.service.AccountServiceImplTest@2344fc66</td></tr>
<tr>
<td title='com.nuance.him.service.CustomerServiceImplTest.testDisplayCustomer()'><b>testDisplayCustomer</b><br>Test class: com.nuance.him.service.CustomerServiceImplTest</td>
<td></td>
<td>0</td>
<td>com.nuance.him.service.CustomerServiceImplTest@458ad742</td></tr>
<tr>
<td title='com.nuance.him.service.CustomerServiceImplTest.testDisplayCustomerException()'><b>testDisplayCustomerException</b><br>Test class: com.nuance.him.service.CustomerServiceImplTest</td>
<td><div><pre>com.nuance.him.service.serviceexception.CustomerServiceException: 
	at com.nuance.him.service.customer.CustomerServiceImpl.getAllCustomers(CustomerServiceImpl.java:45)
	at com.nuance.him.service.CustomerServiceImplTest.testDisplayCustomerException(CustomerServiceImplTest.java:102)
Caused by: com.nuance.him.dao.daoexception.CustomerDaoException: 
... Removed 31 stack frames</pre></div><a href='#' onClick='toggleBox("stack-trace1172131546", this, "Click to show all stack frames", "Click to hide stack frames")'>Click to show all stack frames</a>
<div class='stack-trace' id='stack-trace1172131546'><pre>com.nuance.him.service.serviceexception.CustomerServiceException: 
	at com.nuance.him.service.customer.CustomerServiceImpl.getAllCustomers(CustomerServiceImpl.java:45)
	at com.nuance.him.service.CustomerServiceImplTest.testDisplayCustomerException(CustomerServiceImplTest.java:102)
	at sun.reflect.NativeMethodAccessorImpl.invoke0(Native Method)
	at sun.reflect.NativeMethodAccessorImpl.invoke(NativeMethodAccessorImpl.java:62)
	at sun.reflect.DelegatingMethodAccessorImpl.invoke(DelegatingMethodAccessorImpl.java:43)
	at java.lang.reflect.Method.invoke(Method.java:498)
	at org.testng.internal.MethodInvocationHelper.invokeMethod(MethodInvocationHelper.java:131)
	at org.testng.internal.TestInvoker.invokeMethod(TestInvoker.java:570)
	at org.testng.internal.TestInvoker.invokeTestMethod(TestInvoker.java:170)
	at org.testng.internal.MethodRunner.runInSequence(MethodRunner.java:46)
	at org.testng.internal.TestInvoker$MethodInvocationAgent.invoke(TestInvoker.java:790)
	at org.testng.internal.TestInvoker.invokeTestMethods(TestInvoker.java:143)
	at org.testng.internal.TestMethodWorker.invokeTestMethods(TestMethodWorker.java:146)
	at org.testng.internal.TestMethodWorker.run(TestMethodWorker.java:128)
	at org.testng.TestRunner.privateRun(TestRunner.java:763)
	at org.testng.TestRunner.run(TestRunner.java:594)
	at org.testng.SuiteRunner.runTest(SuiteRunner.java:398)
	at org.testng.SuiteRunner.runSequentially(SuiteRunner.java:392)
	at org.testng.SuiteRunner.privateRun(SuiteRunner.java:355)
	at org.testng.SuiteRunner.run(SuiteRunner.java:304)
	at org.testng.SuiteRunnerWorker.runSuite(SuiteRunnerWorker.java:53)
	at org.testng.SuiteRunnerWorker.run(SuiteRunnerWorker.java:96)
	at org.testng.TestNG.runSuitesSequentially(TestNG.java:1146)
	at org.testng.TestNG.runSuitesLocally(TestNG.java:1067)
	at org.testng.TestNG.runSuites(TestNG.java:997)
	at org.testng.TestNG.run(TestNG.java:965)
	at org.apache.maven.surefire.testng.TestNGExecutor.run(TestNGExecutor.java:115)
	at org.apache.maven.surefire.testng.TestNGDirectoryTestSuite.executeMulti(TestNGDirectoryTestSuite.java:205)
	at org.apache.maven.surefire.testng.TestNGDirectoryTestSuite.execute(TestNGDirectoryTestSuite.java:108)
	at org.apache.maven.surefire.testng.TestNGProvider.invoke(TestNGProvider.java:111)
	at org.apache.maven.surefire.booter.ForkedBooter.invokeProviderInSameClassLoader(ForkedBooter.java:203)
	at org.apache.maven.surefire.booter.ForkedBooter.runSuitesInProcess(ForkedBooter.java:155)
	at org.apache.maven.surefire.booter.ForkedBooter.main(ForkedBooter.java:103)
Caused by: com.nuance.him.dao.daoexception.CustomerDaoException: 
</pre></div></td>
<td>0</td>
<td>com.nuance.him.service.CustomerServiceImplTest@458ad742</td></tr>
<tr>
<td title='com.nuance.him.service.AccountServiceImplTest.testGetAccountDetail()'><b>testGetAccountDetail</b><br>Test class: com.nuance.him.service.AccountServiceImplTest</td>
<td></td>
<td>0</td>
<td>com.nuance.him.service.AccountServiceImplTest@2344fc66</td></tr>
<tr>
<td title='com.nuance.him.service.AccountServiceImplTest.testGetAccountDetailException()'><b>testGetAccountDetailException</b><br>Test class: com.nuance.him.service.AccountServiceImplTest</td>
<td><div><pre>com.nuance.him.service.serviceexception.AccountServiceException: 
	at com.nuance.him.service.account.AccountServiceImpl.getAccountDetail(AccountServiceImpl.java:65)
	at com.nuance.him.service.AccountServiceImplTest.testGetAccountDetailException(AccountServiceImplTest.java:166)
Caused by: com.nuance.him.dao.daoexception.AccountDaoException: 
... Removed 31 stack frames</pre></div><a href='#' onClick='toggleBox("stack-trace240166646", this, "Click to show all stack frames", "Click to hide stack frames")'>Click to show all stack frames</a>
<div class='stack-trace' id='stack-trace240166646'><pre>com.nuance.him.service.serviceexception.AccountServiceException: 
	at com.nuance.him.service.account.AccountServiceImpl.getAccountDetail(AccountServiceImpl.java:65)
	at com.nuance.him.service.AccountServiceImplTest.testGetAccountDetailException(AccountServiceImplTest.java:166)
	at sun.reflect.NativeMethodAccessorImpl.invoke0(Native Method)
	at sun.reflect.NativeMethodAccessorImpl.invoke(NativeMethodAccessorImpl.java:62)
	at sun.reflect.DelegatingMethodAccessorImpl.invoke(DelegatingMethodAccessorImpl.java:43)
	at java.lang.reflect.Method.invoke(Method.java:498)
	at org.testng.internal.MethodInvocationHelper.invokeMethod(MethodInvocationHelper.java:131)
	at org.testng.internal.TestInvoker.invokeMethod(TestInvoker.java:570)
	at org.testng.internal.TestInvoker.invokeTestMethod(TestInvoker.java:170)
	at org.testng.internal.MethodRunner.runInSequence(MethodRunner.java:46)
	at org.testng.internal.TestInvoker$MethodInvocationAgent.invoke(TestInvoker.java:790)
	at org.testng.internal.TestInvoker.invokeTestMethods(TestInvoker.java:143)
	at org.testng.internal.TestMethodWorker.invokeTestMethods(TestMethodWorker.java:146)
	at org.testng.internal.TestMethodWorker.run(TestMethodWorker.java:128)
	at org.testng.TestRunner.privateRun(TestRunner.java:763)
	at org.testng.TestRunner.run(TestRunner.java:594)
	at org.testng.SuiteRunner.runTest(SuiteRunner.java:398)
	at org.testng.SuiteRunner.runSequentially(SuiteRunner.java:392)
	at org.testng.SuiteRunner.privateRun(SuiteRunner.java:355)
	at org.testng.SuiteRunner.run(SuiteRunner.java:304)
	at org.testng.SuiteRunnerWorker.runSuite(SuiteRunnerWorker.java:53)
	at org.testng.SuiteRunnerWorker.run(SuiteRunnerWorker.java:96)
	at org.testng.TestNG.runSuitesSequentially(TestNG.java:1146)
	at org.testng.TestNG.runSuitesLocally(TestNG.java:1067)
	at org.testng.TestNG.runSuites(TestNG.java:997)
	at org.testng.TestNG.run(TestNG.java:965)
	at org.apache.maven.surefire.testng.TestNGExecutor.run(TestNGExecutor.java:115)
	at org.apache.maven.surefire.testng.TestNGDirectoryTestSuite.executeMulti(TestNGDirectoryTestSuite.java:205)
	at org.apache.maven.surefire.testng.TestNGDirectoryTestSuite.execute(TestNGDirectoryTestSuite.java:108)
	at org.apache.maven.surefire.testng.TestNGProvider.invoke(TestNGProvider.java:111)
	at org.apache.maven.surefire.booter.ForkedBooter.invokeProviderInSameClassLoader(ForkedBooter.java:203)
	at org.apache.maven.surefire.booter.ForkedBooter.runSuitesInProcess(ForkedBooter.java:155)
	at org.apache.maven.surefire.booter.ForkedBooter.main(ForkedBooter.java:103)
Caused by: com.nuance.him.dao.daoexception.AccountDaoException: 
</pre></div></td>
<td>0</td>
<td>com.nuance.him.service.AccountServiceImplTest@2344fc66</td></tr>
<tr>
<td title='com.nuance.him.service.AccountServiceImplTest.testGetBalance()'><b>testGetBalance</b><br>Test class: com.nuance.him.service.AccountServiceImplTest</td>
<td></td>
<td>0</td>
<td>com.nuance.him.service.AccountServiceImplTest@2344fc66</td></tr>
<tr>
<td title='com.nuance.him.service.AccountServiceImplTest.testGetBalanceException()'><b>testGetBalanceException</b><br>Test class: com.nuance.him.service.AccountServiceImplTest</td>
<td><div><pre>com.nuance.him.service.serviceexception.AccountServiceException: 
	at com.nuance.him.service.account.AccountServiceImpl.getCurrentBalance(AccountServiceImpl.java:55)
	at com.nuance.him.service.AccountServiceImplTest.testGetBalanceException(AccountServiceImplTest.java:104)
Caused by: com.nuance.him.dao.daoexception.AccountDaoException: 
... Removed 31 stack frames</pre></div><a href='#' onClick='toggleBox("stack-trace1259769769", this, "Click to show all stack frames", "Click to hide stack frames")'>Click to show all stack frames</a>
<div class='stack-trace' id='stack-trace1259769769'><pre>com.nuance.him.service.serviceexception.AccountServiceException: 
	at com.nuance.him.service.account.AccountServiceImpl.getCurrentBalance(AccountServiceImpl.java:55)
	at com.nuance.him.service.AccountServiceImplTest.testGetBalanceException(AccountServiceImplTest.java:104)
	at sun.reflect.NativeMethodAccessorImpl.invoke0(Native Method)
	at sun.reflect.NativeMethodAccessorImpl.invoke(NativeMethodAccessorImpl.java:62)
	at sun.reflect.DelegatingMethodAccessorImpl.invoke(DelegatingMethodAccessorImpl.java:43)
	at java.lang.reflect.Method.invoke(Method.java:498)
	at org.testng.internal.MethodInvocationHelper.invokeMethod(MethodInvocationHelper.java:131)
	at org.testng.internal.TestInvoker.invokeMethod(TestInvoker.java:570)
	at org.testng.internal.TestInvoker.invokeTestMethod(TestInvoker.java:170)
	at org.testng.internal.MethodRunner.runInSequence(MethodRunner.java:46)
	at org.testng.internal.TestInvoker$MethodInvocationAgent.invoke(TestInvoker.java:790)
	at org.testng.internal.TestInvoker.invokeTestMethods(TestInvoker.java:143)
	at org.testng.internal.TestMethodWorker.invokeTestMethods(TestMethodWorker.java:146)
	at org.testng.internal.TestMethodWorker.run(TestMethodWorker.java:128)
	at org.testng.TestRunner.privateRun(TestRunner.java:763)
	at org.testng.TestRunner.run(TestRunner.java:594)
	at org.testng.SuiteRunner.runTest(SuiteRunner.java:398)
	at org.testng.SuiteRunner.runSequentially(SuiteRunner.java:392)
	at org.testng.SuiteRunner.privateRun(SuiteRunner.java:355)
	at org.testng.SuiteRunner.run(SuiteRunner.java:304)
	at org.testng.SuiteRunnerWorker.runSuite(SuiteRunnerWorker.java:53)
	at org.testng.SuiteRunnerWorker.run(SuiteRunnerWorker.java:96)
	at org.testng.TestNG.runSuitesSequentially(TestNG.java:1146)
	at org.testng.TestNG.runSuitesLocally(TestNG.java:1067)
	at org.testng.TestNG.runSuites(TestNG.java:997)
	at org.testng.TestNG.run(TestNG.java:965)
	at org.apache.maven.surefire.testng.TestNGExecutor.run(TestNGExecutor.java:115)
	at org.apache.maven.surefire.testng.TestNGDirectoryTestSuite.executeMulti(TestNGDirectoryTestSuite.java:205)
	at org.apache.maven.surefire.testng.TestNGDirectoryTestSuite.execute(TestNGDirectoryTestSuite.java:108)
	at org.apache.maven.surefire.testng.TestNGProvider.invoke(TestNGProvider.java:111)
	at org.apache.maven.surefire.booter.ForkedBooter.invokeProviderInSameClassLoader(ForkedBooter.java:203)
	at org.apache.maven.surefire.booter.ForkedBooter.runSuitesInProcess(ForkedBooter.java:155)
	at org.apache.maven.surefire.booter.ForkedBooter.main(ForkedBooter.java:103)
Caused by: com.nuance.him.dao.daoexception.AccountDaoException: 
</pre></div></td>
<td>0</td>
<td>com.nuance.him.service.AccountServiceImplTest@2344fc66</td></tr>
<tr>
<td title='com.nuance.him.service.AccountServiceImplTest.testOpenAccount()'><b>testOpenAccount</b><br>Test class: com.nuance.him.service.AccountServiceImplTest</td>
<td></td>
<td>0</td>
<td>com.nuance.him.service.AccountServiceImplTest@2344fc66</td></tr>
<tr>
<td title='com.nuance.him.service.AccountServiceImplTest.testOpenAccountException()'><b>testOpenAccountException</b><br>Test class: com.nuance.him.service.AccountServiceImplTest</td>
<td><div><pre>com.nuance.him.service.serviceexception.AccountServiceException: 
	at com.nuance.him.service.account.AccountServiceImpl.addAccount(AccountServiceImpl.java:35)
	at com.nuance.him.service.AccountServiceImplTest.testOpenAccountException(AccountServiceImplTest.java:73)
Caused by: com.nuance.him.dao.daoexception.AccountDaoException: 
... Removed 31 stack frames</pre></div><a href='#' onClick='toggleBox("stack-trace1493625803", this, "Click to show all stack frames", "Click to hide stack frames")'>Click to show all stack frames</a>
<div class='stack-trace' id='stack-trace1493625803'><pre>com.nuance.him.service.serviceexception.AccountServiceException: 
	at com.nuance.him.service.account.AccountServiceImpl.addAccount(AccountServiceImpl.java:35)
	at com.nuance.him.service.AccountServiceImplTest.testOpenAccountException(AccountServiceImplTest.java:73)
	at sun.reflect.NativeMethodAccessorImpl.invoke0(Native Method)
	at sun.reflect.NativeMethodAccessorImpl.invoke(NativeMethodAccessorImpl.java:62)
	at sun.reflect.DelegatingMethodAccessorImpl.invoke(DelegatingMethodAccessorImpl.java:43)
	at java.lang.reflect.Method.invoke(Method.java:498)
	at org.testng.internal.MethodInvocationHelper.invokeMethod(MethodInvocationHelper.java:131)
	at org.testng.internal.TestInvoker.invokeMethod(TestInvoker.java:570)
	at org.testng.internal.TestInvoker.invokeTestMethod(TestInvoker.java:170)
	at org.testng.internal.MethodRunner.runInSequence(MethodRunner.java:46)
	at org.testng.internal.TestInvoker$MethodInvocationAgent.invoke(TestInvoker.java:790)
	at org.testng.internal.TestInvoker.invokeTestMethods(TestInvoker.java:143)
	at org.testng.internal.TestMethodWorker.invokeTestMethods(TestMethodWorker.java:146)
	at org.testng.internal.TestMethodWorker.run(TestMethodWorker.java:128)
	at org.testng.TestRunner.privateRun(TestRunner.java:763)
	at org.testng.TestRunner.run(TestRunner.java:594)
	at org.testng.SuiteRunner.runTest(SuiteRunner.java:398)
	at org.testng.SuiteRunner.runSequentially(SuiteRunner.java:392)
	at org.testng.SuiteRunner.privateRun(SuiteRunner.java:355)
	at org.testng.SuiteRunner.run(SuiteRunner.java:304)
	at org.testng.SuiteRunnerWorker.runSuite(SuiteRunnerWorker.java:53)
	at org.testng.SuiteRunnerWorker.run(SuiteRunnerWorker.java:96)
	at org.testng.TestNG.runSuitesSequentially(TestNG.java:1146)
	at org.testng.TestNG.runSuitesLocally(TestNG.java:1067)
	at org.testng.TestNG.runSuites(TestNG.java:997)
	at org.testng.TestNG.run(TestNG.java:965)
	at org.apache.maven.surefire.testng.TestNGExecutor.run(TestNGExecutor.java:115)
	at org.apache.maven.surefire.testng.TestNGDirectoryTestSuite.executeMulti(TestNGDirectoryTestSuite.java:205)
	at org.apache.maven.surefire.testng.TestNGDirectoryTestSuite.execute(TestNGDirectoryTestSuite.java:108)
	at org.apache.maven.surefire.testng.TestNGProvider.invoke(TestNGProvider.java:111)
	at org.apache.maven.surefire.booter.ForkedBooter.invokeProviderInSameClassLoader(ForkedBooter.java:203)
	at org.apache.maven.surefire.booter.ForkedBooter.runSuitesInProcess(ForkedBooter.java:155)
	at org.apache.maven.surefire.booter.ForkedBooter.main(ForkedBooter.java:103)
Caused by: com.nuance.him.dao.daoexception.AccountDaoException: 
</pre></div></td>
<td>0</td>
<td>com.nuance.him.service.AccountServiceImplTest@2344fc66</td></tr>
<tr>
<td title='com.nuance.him.service.TransferAmountServiceImplTest.testTransactionHistory()'><b>testTransactionHistory</b><br>Test class: com.nuance.him.service.TransferAmountServiceImplTest</td>
<td></td>
<td>0</td>
<td>com.nuance.him.service.TransferAmountServiceImplTest@5afa04c</td></tr>
<tr>
<td title='com.nuance.him.service.TransferAmountServiceImplTest.testTransactionHistoryException()'><b>testTransactionHistoryException</b><br>Test class: com.nuance.him.service.TransferAmountServiceImplTest</td>
<td><div><pre>com.nuance.him.service.serviceexception.TransferAmountServiceException: 
	at com.nuance.him.service.transaction.TransferAmountServiceImpl.getTransactionHistory(TransferAmountServiceImpl.java:64)
	at com.nuance.him.service.TransferAmountServiceImplTest.testTransactionHistoryException(TransferAmountServiceImplTest.java:107)
Caused by: com.nuance.him.dao.daoexception.TransferDaoException: 
... Removed 31 stack frames</pre></div><a href='#' onClick='toggleBox("stack-trace1853205005", this, "Click to show all stack frames", "Click to hide stack frames")'>Click to show all stack frames</a>
<div class='stack-trace' id='stack-trace1853205005'><pre>com.nuance.him.service.serviceexception.TransferAmountServiceException: 
	at com.nuance.him.service.transaction.TransferAmountServiceImpl.getTransactionHistory(TransferAmountServiceImpl.java:64)
	at com.nuance.him.service.TransferAmountServiceImplTest.testTransactionHistoryException(TransferAmountServiceImplTest.java:107)
	at sun.reflect.NativeMethodAccessorImpl.invoke0(Native Method)
	at sun.reflect.NativeMethodAccessorImpl.invoke(NativeMethodAccessorImpl.java:62)
	at sun.reflect.DelegatingMethodAccessorImpl.invoke(DelegatingMethodAccessorImpl.java:43)
	at java.lang.reflect.Method.invoke(Method.java:498)
	at org.testng.internal.MethodInvocationHelper.invokeMethod(MethodInvocationHelper.java:131)
	at org.testng.internal.TestInvoker.invokeMethod(TestInvoker.java:570)
	at org.testng.internal.TestInvoker.invokeTestMethod(TestInvoker.java:170)
	at org.testng.internal.MethodRunner.runInSequence(MethodRunner.java:46)
	at org.testng.internal.TestInvoker$MethodInvocationAgent.invoke(TestInvoker.java:790)
	at org.testng.internal.TestInvoker.invokeTestMethods(TestInvoker.java:143)
	at org.testng.internal.TestMethodWorker.invokeTestMethods(TestMethodWorker.java:146)
	at org.testng.internal.TestMethodWorker.run(TestMethodWorker.java:128)
	at org.testng.TestRunner.privateRun(TestRunner.java:763)
	at org.testng.TestRunner.run(TestRunner.java:594)
	at org.testng.SuiteRunner.runTest(SuiteRunner.java:398)
	at org.testng.SuiteRunner.runSequentially(SuiteRunner.java:392)
	at org.testng.SuiteRunner.privateRun(SuiteRunner.java:355)
	at org.testng.SuiteRunner.run(SuiteRunner.java:304)
	at org.testng.SuiteRunnerWorker.runSuite(SuiteRunnerWorker.java:53)
	at org.testng.SuiteRunnerWorker.run(SuiteRunnerWorker.java:96)
	at org.testng.TestNG.runSuitesSequentially(TestNG.java:1146)
	at org.testng.TestNG.runSuitesLocally(TestNG.java:1067)
	at org.testng.TestNG.runSuites(TestNG.java:997)
	at org.testng.TestNG.run(TestNG.java:965)
	at org.apache.maven.surefire.testng.TestNGExecutor.run(TestNGExecutor.java:115)
	at org.apache.maven.surefire.testng.TestNGDirectoryTestSuite.executeMulti(TestNGDirectoryTestSuite.java:205)
	at org.apache.maven.surefire.testng.TestNGDirectoryTestSuite.execute(TestNGDirectoryTestSuite.java:108)
	at org.apache.maven.surefire.testng.TestNGProvider.invoke(TestNGProvider.java:111)
	at org.apache.maven.surefire.booter.ForkedBooter.invokeProviderInSameClassLoader(ForkedBooter.java:203)
	at org.apache.maven.surefire.booter.ForkedBooter.runSuitesInProcess(ForkedBooter.java:155)
	at org.apache.maven.surefire.booter.ForkedBooter.main(ForkedBooter.java:103)
Caused by: com.nuance.him.dao.daoexception.TransferDaoException: 
</pre></div></td>
<td>0</td>
<td>com.nuance.him.service.TransferAmountServiceImplTest@5afa04c</td></tr>
<tr>
<td title='com.nuance.him.service.TransferAmountServiceImplTest.testTransferAmount()'><b>testTransferAmount</b><br>Test class: com.nuance.him.service.TransferAmountServiceImplTest</td>
<td></td>
<td>0</td>
<td>com.nuance.him.service.TransferAmountServiceImplTest@5afa04c</td></tr>
<tr>
<td title='com.nuance.him.service.TransferAmountServiceImplTest.testTransferAmountException()'><b>testTransferAmountException</b><br>Test class: com.nuance.him.service.TransferAmountServiceImplTest</td>
<td><div><pre>com.nuance.him.service.serviceexception.TransferAmountServiceException: 
	at com.nuance.him.service.transaction.TransferAmountServiceImpl.transferAmount(TransferAmountServiceImpl.java:54)
	at com.nuance.him.service.TransferAmountServiceImplTest.testTransferAmountException(TransferAmountServiceImplTest.java:76)
Caused by: com.nuance.him.dao.daoexception.TransferDaoException: 
... Removed 31 stack frames</pre></div><a href='#' onClick='toggleBox("stack-trace1262773598", this, "Click to show all stack frames", "Click to hide stack frames")'>Click to show all stack frames</a>
<div class='stack-trace' id='stack-trace1262773598'><pre>com.nuance.him.service.serviceexception.TransferAmountServiceException: 
	at com.nuance.him.service.transaction.TransferAmountServiceImpl.transferAmount(TransferAmountServiceImpl.java:54)
	at com.nuance.him.service.TransferAmountServiceImplTest.testTransferAmountException(TransferAmountServiceImplTest.java:76)
	at sun.reflect.NativeMethodAccessorImpl.invoke0(Native Method)
	at sun.reflect.NativeMethodAccessorImpl.invoke(NativeMethodAccessorImpl.java:62)
	at sun.reflect.DelegatingMethodAccessorImpl.invoke(DelegatingMethodAccessorImpl.java:43)
	at java.lang.reflect.Method.invoke(Method.java:498)
	at org.testng.internal.MethodInvocationHelper.invokeMethod(MethodInvocationHelper.java:131)
	at org.testng.internal.TestInvoker.invokeMethod(TestInvoker.java:570)
	at org.testng.internal.TestInvoker.invokeTestMethod(TestInvoker.java:170)
	at org.testng.internal.MethodRunner.runInSequence(MethodRunner.java:46)
	at org.testng.internal.TestInvoker$MethodInvocationAgent.invoke(TestInvoker.java:790)
	at org.testng.internal.TestInvoker.invokeTestMethods(TestInvoker.java:143)
	at org.testng.internal.TestMethodWorker.invokeTestMethods(TestMethodWorker.java:146)
	at org.testng.internal.TestMethodWorker.run(TestMethodWorker.java:128)
	at org.testng.TestRunner.privateRun(TestRunner.java:763)
	at org.testng.TestRunner.run(TestRunner.java:594)
	at org.testng.SuiteRunner.runTest(SuiteRunner.java:398)
	at org.testng.SuiteRunner.runSequentially(SuiteRunner.java:392)
	at org.testng.SuiteRunner.privateRun(SuiteRunner.java:355)
	at org.testng.SuiteRunner.run(SuiteRunner.java:304)
	at org.testng.SuiteRunnerWorker.runSuite(SuiteRunnerWorker.java:53)
	at org.testng.SuiteRunnerWorker.run(SuiteRunnerWorker.java:96)
	at org.testng.TestNG.runSuitesSequentially(TestNG.java:1146)
	at org.testng.TestNG.runSuitesLocally(TestNG.java:1067)
	at org.testng.TestNG.runSuites(TestNG.java:997)
	at org.testng.TestNG.run(TestNG.java:965)
	at org.apache.maven.surefire.testng.TestNGExecutor.run(TestNGExecutor.java:115)
	at org.apache.maven.surefire.testng.TestNGDirectoryTestSuite.executeMulti(TestNGDirectoryTestSuite.java:205)
	at org.apache.maven.surefire.testng.TestNGDirectoryTestSuite.execute(TestNGDirectoryTestSuite.java:108)
	at org.apache.maven.surefire.testng.TestNGProvider.invoke(TestNGProvider.java:111)
	at org.apache.maven.surefire.booter.ForkedBooter.invokeProviderInSameClassLoader(ForkedBooter.java:203)
	at org.apache.maven.surefire.booter.ForkedBooter.runSuitesInProcess(ForkedBooter.java:155)
	at org.apache.maven.surefire.booter.ForkedBooter.main(ForkedBooter.java:103)
Caused by: com.nuance.him.dao.daoexception.TransferDaoException: 
</pre></div></td>
<td>0</td>
<td>com.nuance.him.service.TransferAmountServiceImplTest@5afa04c</td></tr>
</table><p>
</body>
</html>